\BOOKMARK [0][-]{chapter*.1}{\376\377\000D\000e\000c\000l\000a\000r\000a\000t\000i\000o\000n}{}% 1
\BOOKMARK [0][-]{toc.0}{\376\377\000T\000a\000b\000l\000e\000\040\000o\000f\000\040\000C\000o\000n\000t\000e\000n\000t\000s}{}% 2
\BOOKMARK [0][-]{chapter*.3}{\376\377\000A\000b\000s\000t\000r\000a\000c\000t}{}% 3
\BOOKMARK [0][-]{chapter.1}{\376\377\000P\000r\000o\000j\000e\000c\000t\000\040\000S\000p\000e\000c\000i\000f\000i\000c\000a\000t\000i\000o\000n}{}% 4
\BOOKMARK [1][-]{section.1.1}{\376\377\000P\000r\000o\000b\000l\000e\000m\000\040\000S\000t\000a\000t\000e\000m\000e\000n\000t}{chapter.1}% 5
\BOOKMARK [1][-]{section.1.1}{\376\377\000P\000r\000o\000b\000l\000e\000m\000\040\000S\000t\000a\000t\000e\000m\000e\000n\000t}{chapter.1}% 6
\BOOKMARK [1][-]{section.1.2}{\376\377\000O\000b\000j\000e\000c\000t\000i\000v\000e\000s}{chapter.1}% 7
\BOOKMARK [1][-]{section.1.2}{\376\377\000O\000b\000j\000e\000c\000t\000i\000v\000e\000s}{chapter.1}% 8
\BOOKMARK [1][-]{section.1.3}{\376\377\000S\000c\000o\000p\000e}{chapter.1}% 9
\BOOKMARK [1][-]{section.1.3}{\376\377\000S\000c\000o\000p\000e}{chapter.1}% 10
\BOOKMARK [1][-]{section.1.4}{\376\377\000E\000v\000o\000l\000u\000t\000i\000o\000n\000\040\000f\000r\000o\000m\000\040\000t\000h\000e\000\040\000I\000n\000t\000e\000r\000i\000m\000\040\000P\000l\000a\000n}{chapter.1}% 11
\BOOKMARK [1][-]{section.1.4}{\376\377\000E\000v\000o\000l\000u\000t\000i\000o\000n\000\040\000f\000r\000o\000m\000\040\000t\000h\000e\000\040\000I\000n\000t\000e\000r\000i\000m\000\040\000P\000l\000a\000n}{chapter.1}% 12
\BOOKMARK [1][-]{section.1.5}{\376\377\000P\000l\000a\000n\000n\000i\000n\000g\000\040\000a\000n\000d\000\040\000T\000i\000m\000e\000-\000s\000c\000a\000l\000e}{chapter.1}% 13
\BOOKMARK [1][-]{section.1.5}{\376\377\000P\000l\000a\000n\000n\000i\000n\000g\000\040\000a\000n\000d\000\040\000T\000i\000m\000e\000-\000s\000c\000a\000l\000e}{chapter.1}% 14
\BOOKMARK [0][-]{chapter.2}{\376\377\000I\000n\000t\000r\000o\000d\000u\000c\000t\000i\000o\000n}{}% 15
\BOOKMARK [1][-]{section.2.1}{\376\377\000C\000o\000n\000t\000e\000x\000t\000\040\000a\000n\000d\000\040\000M\000o\000t\000i\000v\000a\000t\000i\000o\000n}{chapter.2}% 16
\BOOKMARK [1][-]{section.2.2}{\376\377\000C\000h\000e\000c\000k\000p\000o\000i\000n\000t\000\040\000L\000o\000a\000d\000i\000n\000g\000\040\000a\000s\000\040\000a\000n\000\040\000I\000/\000O\000\040\000S\000u\000b\000m\000i\000s\000s\000i\000o\000n\000\040\000P\000r\000o\000b\000l\000e\000m}{chapter.2}% 17
\BOOKMARK [1][-]{section.2.3}{\376\377\000T\000e\000n\000s\000o\000r\000S\000t\000o\000r\000e}{chapter.2}% 18
\BOOKMARK [1][-]{section.2.4}{\376\377\000C\000o\000n\000t\000r\000i\000b\000u\000t\000i\000o\000n\000s}{chapter.2}% 19
\BOOKMARK [1][-]{section.2.5}{\376\377\000R\000e\000p\000o\000r\000t\000\040\000S\000t\000r\000u\000c\000t\000u\000r\000e}{chapter.2}% 20
\BOOKMARK [0][-]{chapter.3}{\376\377\000B\000a\000c\000k\000g\000r\000o\000u\000n\000d\000\040\000a\000n\000d\000\040\000L\000i\000t\000e\000r\000a\000t\000u\000r\000e\000\040\000R\000e\000v\000i\000e\000w}{}% 21
\BOOKMARK [1][-]{section.3.1}{\376\377\000C\000h\000e\000c\000k\000p\000o\000i\000n\000t\000\040\000F\000o\000r\000m\000a\000t\000s\000\040\000a\000n\000d\000\040\000L\000o\000a\000d\000i\000n\000g\000\040\000B\000e\000h\000a\000v\000i\000o\000u\000r}{chapter.3}% 22
\BOOKMARK [1][-]{section.3.2}{\376\377\000S\000e\000r\000v\000e\000r\000l\000e\000s\000s\000\040\000a\000n\000d\000\040\000M\000u\000l\000t\000i\000-\000T\000e\000n\000a\000n\000t\000\040\000I\000n\000f\000e\000r\000e\000n\000c\000e\000\040\000S\000y\000s\000t\000e\000m\000s}{chapter.3}% 23
\BOOKMARK [1][-]{section.3.3}{\376\377\000L\000i\000n\000u\000x\000\040\000I\000/\000O\000\040\000I\000n\000t\000e\000r\000f\000a\000c\000e\000s}{chapter.3}% 24
\BOOKMARK [1][-]{section.3.4}{\376\377\000N\000V\000M\000e\000\040\000S\000t\000o\000r\000a\000g\000e\000\040\000a\000n\000d\000\040\000Q\000u\000e\000u\000e\000i\000n\000g\000\040\000B\000e\000h\000a\000v\000i\000o\000u\000r}{chapter.3}% 25
\BOOKMARK [1][-]{section.3.5}{\376\377\000M\000e\000m\000o\000r\000y\000-\000M\000a\000p\000p\000e\000d\000\040\000I\000/\000O\000\040\000a\000n\000d\000\040\000t\000h\000e\000\040\000P\000a\000g\000e\000\040\000C\000a\000c\000h\000e}{chapter.3}% 26
\BOOKMARK [1][-]{section.3.6}{\376\377\000P\000o\000s\000i\000t\000i\000o\000n\000i\000n\000g\000\040\000o\000f\000\040\000T\000h\000i\000s\000\040\000W\000o\000r\000k}{chapter.3}% 27
\BOOKMARK [0][-]{chapter.4}{\376\377\000S\000y\000s\000t\000e\000m\000\040\000C\000o\000n\000t\000e\000x\000t\000\040\000a\000n\000d\000\040\000P\000r\000o\000b\000l\000e\000m\000\040\000D\000e\000f\000i\000n\000i\000t\000i\000o\000n}{}% 28
\BOOKMARK [1][-]{section.4.1}{\376\377\000T\000h\000e\000\040\000C\000o\000l\000d\000-\000S\000t\000a\000r\000t\000\040\000P\000i\000p\000e\000l\000i\000n\000e\000\040\000i\000n\000\040\000S\000e\000r\000v\000e\000r\000l\000e\000s\000s\000\040\000L\000L\000M\000\040\000I\000n\000f\000e\000r\000e\000n\000c\000e}{chapter.4}% 29
\BOOKMARK [1][-]{section.4.2}{\376\377\000E\000x\000p\000e\000r\000i\000m\000e\000n\000t\000a\000l\000\040\000C\000o\000n\000s\000t\000r\000a\000i\000n\000t\000s}{chapter.4}% 30
\BOOKMARK [1][-]{section.4.3}{\376\377\000T\000h\000e\000\040\000S\000u\000b\000m\000i\000s\000s\000i\000o\000n\000\040\000B\000o\000t\000t\000l\000e\000n\000e\000c\000k\000\040\000H\000y\000p\000o\000t\000h\000e\000s\000i\000s}{chapter.4}% 31
\BOOKMARK [0][-]{chapter.5}{\376\377\000D\000e\000s\000i\000g\000n\000\040\000a\000n\000d\000\040\000A\000r\000c\000h\000i\000t\000e\000c\000t\000u\000r\000e}{}% 32
\BOOKMARK [1][-]{section.5.1}{\376\377\000D\000e\000s\000i\000g\000n\000\040\000G\000o\000a\000l\000s}{chapter.5}% 33
\BOOKMARK [1][-]{section.5.2}{\376\377\000S\000y\000s\000t\000e\000m\000\040\000A\000r\000c\000h\000i\000t\000e\000c\000t\000u\000r\000e}{chapter.5}% 34
\BOOKMARK [1][-]{section.5.3}{\376\377\000B\000a\000c\000k\000e\000n\000d\000\040\000I\000n\000t\000e\000r\000f\000a\000c\000e}{chapter.5}% 35
\BOOKMARK [1][-]{section.5.4}{\376\377\000T\000h\000r\000e\000a\000d\000i\000n\000g\000\040\000M\000o\000d\000e\000l}{chapter.5}% 36
\BOOKMARK [1][-]{section.5.5}{\376\377\000C\000a\000c\000h\000e\000\040\000C\000o\000n\000t\000r\000o\000l}{chapter.5}% 37
\BOOKMARK [1][-]{section.5.6}{\376\377\000B\000a\000c\000k\000e\000n\000d\000\040\000I\000m\000p\000l\000e\000m\000e\000n\000t\000a\000t\000i\000o\000n\000s}{chapter.5}% 38
\BOOKMARK [1][-]{section.5.7}{\376\377\000C\000h\000e\000c\000k\000p\000o\000i\000n\000t\000\040\000F\000o\000r\000m\000a\000t\000\040\000S\000u\000p\000p\000o\000r\000t}{chapter.5}% 39
\BOOKMARK [1][-]{section.5.8}{\376\377\000P\000y\000t\000h\000o\000n\000\040\000B\000i\000n\000d\000i\000n\000g\000s}{chapter.5}% 40
\BOOKMARK [1][-]{section.5.9}{\376\377\000v\000L\000L\000M\000\040\000I\000n\000t\000e\000g\000r\000a\000t\000i\000o\000n}{chapter.5}% 41
\BOOKMARK [1][-]{section.5.10}{\376\377\000D\000e\000s\000i\000g\000n\000\040\000D\000e\000c\000i\000s\000i\000o\000n\000s}{chapter.5}% 42
\BOOKMARK [1][-]{section.5.11}{\376\377\000R\000e\000j\000e\000c\000t\000e\000d\000\040\000A\000l\000t\000e\000r\000n\000a\000t\000i\000v\000e\000s}{chapter.5}% 43
\BOOKMARK [0][-]{chapter.6}{\376\377\000I\000m\000p\000l\000e\000m\000e\000n\000t\000a\000t\000i\000o\000n\000\040\000a\000n\000d\000\040\000S\000o\000f\000t\000w\000a\000r\000e\000\040\000E\000n\000g\000i\000n\000e\000e\000r\000i\000n\000g\000\040\000P\000r\000o\000c\000e\000s\000s}{}% 44
\BOOKMARK [1][-]{section.6.1}{\376\377\000R\000u\000s\000t\000\040\000C\000o\000r\000e\000\040\000I\000m\000p\000l\000e\000m\000e\000n\000t\000a\000t\000i\000o\000n}{chapter.6}% 45
\BOOKMARK [1][-]{section.6.2}{\376\377\000P\000y\000t\000h\000o\000n\000\040\000B\000i\000n\000d\000i\000n\000g\000s}{chapter.6}% 46
\BOOKMARK [1][-]{section.6.3}{\376\377\000M\000o\000d\000u\000l\000e\000\040\000S\000t\000r\000u\000c\000t\000u\000r\000e}{chapter.6}% 47
\BOOKMARK [1][-]{section.6.4}{\376\377\000B\000u\000i\000l\000d\000i\000n\000g\000\040\000t\000h\000e\000\040\000P\000r\000o\000j\000e\000c\000t}{chapter.6}% 48
\BOOKMARK [1][-]{section.6.5}{\376\377\000B\000e\000n\000c\000h\000m\000a\000r\000k\000\040\000I\000n\000f\000r\000a\000s\000t\000r\000u\000c\000t\000u\000r\000e}{chapter.6}% 49
\BOOKMARK [1][-]{section.6.6}{\376\377\000T\000e\000s\000t\000i\000n\000g\000\040\000S\000t\000r\000a\000t\000e\000g\000y}{chapter.6}% 50
\BOOKMARK [1][-]{section.6.7}{\376\377\000C\000o\000r\000r\000e\000c\000t\000n\000e\000s\000s\000\040\000I\000s\000s\000u\000e\000s\000\040\000a\000n\000d\000\040\000R\000e\000s\000o\000l\000u\000t\000i\000o\000n\000s}{chapter.6}% 51
\BOOKMARK [1][-]{section.6.8}{\376\377\000v\000L\000L\000M\000\040\000L\000o\000a\000d\000e\000r\000\040\000P\000a\000t\000h}{chapter.6}% 52
\BOOKMARK [0][-]{chapter.7}{\376\377\000E\000x\000p\000e\000r\000i\000m\000e\000n\000t\000a\000l\000\040\000M\000e\000t\000h\000o\000d\000o\000l\000o\000g\000y}{}% 53
\BOOKMARK [1][-]{section.7.1}{\376\377\000R\000e\000s\000e\000a\000r\000c\000h\000\040\000Q\000u\000e\000s\000t\000i\000o\000n\000s}{chapter.7}% 54
\BOOKMARK [1][-]{section.7.2}{\376\377\000H\000a\000r\000d\000w\000a\000r\000e\000\040\000a\000n\000d\000\040\000S\000o\000f\000t\000w\000a\000r\000e\000\040\000E\000n\000v\000i\000r\000o\000n\000m\000e\000n\000t}{chapter.7}% 55
\BOOKMARK [1][-]{section.7.3}{\376\377\000B\000a\000c\000k\000e\000n\000d\000\040\000C\000o\000n\000f\000i\000g\000u\000r\000a\000t\000i\000o\000n}{chapter.7}% 56
\BOOKMARK [1][-]{section.7.4}{\376\377\000M\000o\000d\000e\000l\000s\000\040\000a\000n\000d\000\040\000C\000h\000e\000c\000k\000p\000o\000i\000n\000t\000s}{chapter.7}% 57
\BOOKMARK [1][-]{section.7.5}{\376\377\000C\000a\000c\000h\000e\000\040\000E\000v\000i\000c\000t\000i\000o\000n\000\040\000P\000r\000o\000c\000e\000d\000u\000r\000e}{chapter.7}% 58
\BOOKMARK [1][-]{section.7.6}{\376\377\000M\000e\000a\000s\000u\000r\000e\000m\000e\000n\000t\000\040\000P\000r\000o\000c\000e\000d\000u\000r\000e}{chapter.7}% 59
\BOOKMARK [1][-]{section.7.7}{\376\377\000M\000e\000t\000r\000i\000c\000s}{chapter.7}% 60
\BOOKMARK [1][-]{section.7.8}{\376\377\000B\000e\000n\000c\000h\000m\000a\000r\000k\000\040\000K\000i\000n\000d\000s}{chapter.7}% 61
\BOOKMARK [1][-]{section.7.9}{\376\377\000F\000a\000i\000r\000n\000e\000s\000s\000\040\000C\000o\000n\000t\000r\000o\000l\000s}{chapter.7}% 62
\BOOKMARK [1][-]{section.7.10}{\376\377\000S\000t\000a\000t\000i\000s\000t\000i\000c\000a\000l\000\040\000A\000n\000a\000l\000y\000s\000i\000s}{chapter.7}% 63
\BOOKMARK [1][-]{section.7.11}{\376\377\000T\000h\000r\000e\000a\000t\000s\000\040\000t\000o\000\040\000V\000a\000l\000i\000d\000i\000t\000y}{chapter.7}% 64
\BOOKMARK [0][-]{chapter.8}{\376\377\000R\000e\000s\000u\000l\000t\000s}{}% 65
\BOOKMARK [1][-]{section.8.1}{\376\377\000E\000x\000p\000e\000r\000i\000m\000e\000n\000t\000a\000l\000\040\000C\000o\000n\000d\000i\000t\000i\000o\000n\000s}{chapter.8}% 66
\BOOKMARK [1][-]{section.8.2}{\376\377\000R\000Q\0001\000:\000\040\000B\000a\000c\000k\000e\000n\000d\000\040\000P\000e\000r\000f\000o\000r\000m\000a\000n\000c\000e\000\040\000a\000t\000\040\000t\000h\000e\000\040\000R\000u\000s\000t\000\040\000L\000a\000y\000e\000r}{chapter.8}% 67
\BOOKMARK [1][-]{section.8.3}{\376\377\000R\000Q\0002\000:\000\040\000E\000f\000f\000e\000c\000t\000\040\000o\000f\000\040\000C\000h\000e\000c\000k\000p\000o\000i\000n\000t\000\040\000L\000a\000y\000o\000u\000t}{chapter.8}% 68
\BOOKMARK [1][-]{section.8.4}{\376\377\000R\000Q\0003\000:\000\040\000P\000y\000t\000h\000o\000n\000\040\000I\000n\000t\000e\000g\000r\000a\000t\000i\000o\000n\000\040\000L\000a\000y\000e\000r\000\040\000O\000v\000e\000r\000h\000e\000a\000d}{chapter.8}% 69
\BOOKMARK [1][-]{section.8.5}{\376\377\000R\000Q\0004\000:\000\040\000v\000L\000L\000M\000\040\000I\000n\000t\000e\000g\000r\000a\000t\000i\000o\000n\000\040\000R\000e\000s\000u\000l\000t\000s}{chapter.8}% 70
\BOOKMARK [1][-]{section.8.6}{\376\377\000R\000Q\0005\000:\000\040\000A\000b\000l\000a\000t\000i\000o\000n\000\040\000S\000t\000u\000d\000i\000e\000s}{chapter.8}% 71
\BOOKMARK [1][-]{section.8.7}{\376\377\000S\000u\000m\000m\000a\000r\000y\000\040\000o\000f\000\040\000H\000e\000a\000d\000l\000i\000n\000e\000\040\000N\000u\000m\000b\000e\000r\000s}{chapter.8}% 72
\BOOKMARK [1][-]{section.8.8}{\376\377\000N\000e\000g\000a\000t\000i\000v\000e\000\040\000R\000e\000s\000u\000l\000t\000s}{chapter.8}% 73
\BOOKMARK [0][-]{chapter.9}{\376\377\000D\000i\000s\000c\000u\000s\000s\000i\000o\000n\000\040\000a\000n\000d\000\040\000C\000r\000i\000t\000i\000c\000a\000l\000\040\000A\000n\000a\000l\000y\000s\000i\000s}{}% 74
\BOOKMARK [1][-]{section.9.1}{\376\377\000W\000h\000a\000t\000\040\000t\000h\000e\000\040\000R\000e\000s\000u\000l\000t\000s\000\040\000M\000e\000a\000n\000\040\000i\000n\000\040\000P\000l\000a\000i\000n\000\040\000T\000e\000r\000m\000s}{chapter.9}% 75
\BOOKMARK [1][-]{section.9.2}{\376\377\000E\000f\000f\000e\000c\000t\000\040\000o\000f\000\040\000C\000h\000e\000c\000k\000p\000o\000i\000n\000t\000\040\000L\000a\000y\000o\000u\000t}{chapter.9}% 76
\BOOKMARK [1][-]{section.9.3}{\376\377\000W\000h\000e\000r\000e\000\040\000t\000h\000e\000\040\000G\000a\000i\000n\000s\000\040\000W\000e\000r\000e\000\040\000S\000m\000a\000l\000l\000e\000r\000\040\000T\000h\000a\000n\000\040\000E\000x\000p\000e\000c\000t\000e\000d}{chapter.9}% 77
\BOOKMARK [1][-]{section.9.4}{\376\377\000L\000i\000m\000i\000t\000a\000t\000i\000o\000n\000s\000\040\000o\000f\000\040\000i\000o\000\137\000u\000r\000i\000n\000g\000\040\000f\000o\000r\000\040\000T\000h\000i\000s\000\040\000W\000o\000r\000k\000l\000o\000a\000d}{chapter.9}% 78
\BOOKMARK [1][-]{section.9.5}{\376\377\000I\000n\000t\000e\000g\000r\000a\000t\000i\000o\000n\000\040\000C\000o\000n\000t\000e\000x\000t}{chapter.9}% 79
\BOOKMARK [1][-]{section.9.6}{\376\377\000W\000h\000y\000\040\000A\000s\000y\000n\000c\000\040\000D\000i\000d\000\040\000N\000o\000t\000\040\000A\000p\000p\000e\000a\000r\000\040\000i\000n\000\040\000v\000L\000L\000M}{chapter.9}% 80
\BOOKMARK [1][-]{section.9.7}{\376\377\000W\000h\000a\000t\000\040\000M\000a\000t\000t\000e\000r\000s\000\040\000f\000o\000r\000\040\000P\000r\000a\000c\000t\000i\000t\000i\000o\000n\000e\000r\000s}{chapter.9}% 81
\BOOKMARK [1][-]{section.9.8}{\376\377\000C\000r\000i\000t\000i\000c\000a\000l\000\040\000R\000e\000f\000l\000e\000c\000t\000i\000o\000n\000\040\000o\000n\000\040\000t\000h\000e\000\040\000E\000v\000a\000l\000u\000a\000t\000i\000o\000n}{chapter.9}% 82
\BOOKMARK [0][-]{chapter.10}{\376\377\000P\000r\000o\000f\000e\000s\000s\000i\000o\000n\000a\000l\000\040\000I\000s\000s\000u\000e\000s}{}% 83
\BOOKMARK [1][-]{section.10.1}{\376\377\000R\000e\000p\000r\000o\000d\000u\000c\000i\000b\000i\000l\000i\000t\000y\000\040\000i\000n\000\040\000S\000y\000s\000t\000e\000m\000s\000\040\000B\000e\000n\000c\000h\000m\000a\000r\000k\000i\000n\000g}{chapter.10}% 84
\BOOKMARK [1][-]{section.10.2}{\376\377\000C\000o\000r\000r\000e\000c\000t\000n\000e\000s\000s\000\040\000a\000n\000d\000\040\000S\000a\000f\000e\000t\000y\000\040\000i\000n\000\040\000S\000y\000s\000t\000e\000m\000s\000\040\000C\000o\000d\000e}{chapter.10}% 85
\BOOKMARK [1][-]{section.10.3}{\376\377\000S\000o\000f\000t\000w\000a\000r\000e\000\040\000S\000u\000p\000p\000l\000y\000\040\000C\000h\000a\000i\000n}{chapter.10}% 86
\BOOKMARK [1][-]{section.10.4}{\376\377\000T\000r\000a\000n\000s\000p\000a\000r\000e\000n\000c\000y\000\040\000i\000n\000\040\000P\000e\000r\000f\000o\000r\000m\000a\000n\000c\000e\000\040\000C\000l\000a\000i\000m\000s}{chapter.10}% 87
\BOOKMARK [1][-]{section.10.5}{\376\377\000S\000u\000m\000m\000a\000r\000y}{chapter.10}% 88
\BOOKMARK [0][-]{chapter.11}{\376\377\000C\000o\000n\000c\000l\000u\000s\000i\000o\000n}{}% 89
\BOOKMARK [1][-]{section.11.1}{\376\377\000R\000e\000s\000e\000a\000r\000c\000h\000\040\000Q\000u\000e\000s\000t\000i\000o\000n\000s\000\040\000A\000n\000s\000w\000e\000r\000e\000d}{chapter.11}% 90
\BOOKMARK [1][-]{section.11.2}{\376\377\000M\000a\000i\000n\000\040\000L\000i\000m\000i\000t\000a\000t\000i\000o\000n\000s}{chapter.11}% 91
\BOOKMARK [1][-]{section.11.3}{\376\377\000F\000u\000t\000u\000r\000e\000\040\000W\000o\000r\000k}{chapter.11}% 92
\BOOKMARK [0][-]{chapter*.4}{\376\377\000B\000i\000b\000l\000i\000o\000g\000r\000a\000p\000h\000y}{}% 93
\BOOKMARK [0][-]{appendix.A}{\376\377\000B\000a\000c\000k\000e\000n\000d\000\040\000I\000n\000t\000e\000r\000f\000a\000c\000e\000\040\000S\000p\000e\000c\000i\000f\000i\000c\000a\000t\000i\000o\000n\000s}{}% 94
\BOOKMARK [1][-]{section.A.1}{\376\377\000R\000u\000s\000t\000\040\000B\000a\000c\000k\000e\000n\000d\000\040\000A\000P\000I}{appendix.A}% 95
\BOOKMARK [1][-]{section.A.2}{\376\377\000P\000y\000t\000h\000o\000n\000\040\000B\000i\000n\000d\000i\000n\000g\000\040\000S\000i\000g\000n\000a\000t\000u\000r\000e\000s}{appendix.A}% 96
\BOOKMARK [1][-]{section.A.3}{\376\377\000v\000L\000L\000M\000\040\000L\000o\000a\000d\000e\000r\000\040\000C\000o\000n\000f\000i\000g\000u\000r\000a\000t\000i\000o\000n}{appendix.A}% 97
\BOOKMARK [0][-]{appendix.B}{\376\377\000S\000u\000p\000p\000l\000e\000m\000e\000n\000t\000a\000r\000y\000\040\000R\000e\000s\000u\000l\000t\000s}{}% 98
\BOOKMARK [1][-]{section.B.1}{\376\377\000A\000d\000d\000i\000t\000i\000o\000n\000a\000l\000\040\000T\000h\000r\000o\000u\000g\000h\000p\000u\000t\000\040\000D\000a\000t\000a}{appendix.B}% 99
\BOOKMARK [1][-]{section.B.2}{\376\377\000L\000a\000t\000e\000n\000c\000y\000\040\000D\000i\000s\000t\000r\000i\000b\000u\000t\000i\000o\000n\000s}{appendix.B}% 100
\BOOKMARK [1][-]{section.B.3}{\376\377\000v\000L\000L\000M\000\040\000I\000n\000t\000e\000g\000r\000a\000t\000i\000o\000n\000\040\000A\000d\000d\000i\000t\000i\000o\000n\000a\000l\000\040\000D\000a\000t\000a}{appendix.B}% 101
\BOOKMARK [1][-]{section.B.4}{\376\377\000O\000u\000t\000s\000t\000a\000n\000d\000i\000n\000g\000\040\000E\000x\000p\000e\000r\000i\000m\000e\000n\000t\000\040\000O\000u\000t\000p\000u\000t\000s}{appendix.B}% 102
